mode: set
program/codes/practise.go:14.25,16.2 1 0
program/codes/practise.go:18.35,20.2 1 0
program/codes/practise.go:22.12,28.2 4 0
program/codes/prime.go:7.46,11.20 3 1
program/codes/prime.go:17.2,17.18 1 1
program/codes/prime.go:21.2,21.10 1 1
program/codes/prime.go:11.20,12.20 1 1
program/codes/prime.go:15.3,15.6 1 1
program/codes/prime.go:12.20,14.4 1 1
program/codes/prime.go:17.18,20.3 2 1
program/codes/prime.go:24.28,27.17 3 1
program/codes/prime.go:32.2,32.10 1 1
program/codes/prime.go:27.17,31.3 2 1
program/codes/struct_practise.go:16.14,25.2 3 0
program/codes/calculator.go:3.39,4.12 1 0
program/codes/calculator.go:5.11,6.15 1 0
program/codes/calculator.go:8.11,9.15 1 0
program/codes/calculator.go:11.11,12.15 1 0
program/codes/calculator.go:14.11,15.15 1 0
program/codes/calculator.go:17.10,18.15 1 0
program/codes/calculator2.go:4.27,6.3 1 0
program/codes/calculator2.go:8.28,10.3 1 0
program/codes/calculator2.go:12.27,14.3 1 0
program/codes/calculator2.go:16.27,18.3 1 0
program/codes/calculator2.go:21.53,24.2 2 0
